<?xml version="1.0" encoding="UTF-8"?>
<!-- Generated by org.testng.reporters.JUnitReportReporter -->
<testsuite hostname="ATMECSINLT-038" failures="0" tests="7" name="com.atmecs.testscripts.HomePageTesting" time="2.746" errors="2" timestamp="28 Aug 2019 11:26:30 GMT" skipped="5">
  <testcase classname="com.atmecs.testscripts.HomePageTesting" name="testHome" time="0.000">
    <skipped/>
  </testcase> <!-- testHome -->
  <testcase classname="com.atmecs.testscripts.HomePageTesting" name="testHome" time="0.000">
    <skipped/>
  </testcase> <!-- testHome -->
  <testcase classname="com.atmecs.testscripts.HomePageTesting" name="chooseWebDriver" time="2.746">
    <error message="unknown error: cannot find Microsoft Edge binary
Build info: version: &#039;3.141.59&#039;, revision: &#039;e82be7d358&#039;, time: &#039;2018-11-14T08:17:03&#039;
System info: host: &#039;ATMECSINLT-038&#039;, ip: &#039;55.55.53.77&#039;, os.name: &#039;Windows 10&#039;, os.arch: &#039;amd64&#039;, os.version: &#039;10.0&#039;, java.version: &#039;12.0.1&#039;
Driver info: driver.version: ChooseWebDriver
remote stacktrace: Backtrace:
	Ordinal0 [0x00007FF73EE59052+1871954]
	Ordinal0 [0x00007FF73EDBF152+1241426]
	Ordinal0 [0x00007FF73ED2C481+640129]
	Ordinal0 [0x00007FF73ECA07CF+67535]
	Ordinal0 [0x00007FF73ECC63A4+222116]
	Ordinal0 [0x00007FF73ECC38CF+211151]
	Ordinal0 [0x00007FF73ECA6305+90885]
	Ordinal0 [0x00007FF73ECA73BE+95166]
	Ordinal0 [0x00007FF73EDDEB11+1370897]
	GetHandleVerifier [0x00007FF73EF0EC65+581285]
	GetHandleVerifier [0x00007FF73EF0E9D1+580625]
	GetHandleVerifier [0x00007FF73EF1679C+612828]
	GetHandleVerifier [0x00007FF73EF0F476+583350]
	Ordinal0 [0x00007FF73EDD405E+1327198]
	Ordinal0 [0x00007FF73EDE0EE6+1380070]
	Ordinal0 [0x00007FF73EDDFD8D+1375629]
	BaseThreadInitThunk [0x00007FFE82E37944+20]
	RtlUserThreadStart [0x00007FFE8422CE71+33]
" type="org.openqa.selenium.WebDriverException">
      <![CDATA[org.openqa.selenium.WebDriverException: unknown error: cannot find Microsoft Edge binary
Build info: version: '3.141.59', revision: 'e82be7d358', time: '2018-11-14T08:17:03'
System info: host: 'ATMECSINLT-038', ip: '55.55.53.77', os.name: 'Windows 10', os.arch: 'amd64', os.version: '10.0', java.version: '12.0.1'
Driver info: driver.version: ChooseWebDriver
remote stacktrace: Backtrace:
Ordinal0 [0x00007FF73EE59052+1871954]
Ordinal0 [0x00007FF73EDBF152+1241426]
Ordinal0 [0x00007FF73ED2C481+640129]
Ordinal0 [0x00007FF73ECA07CF+67535]
Ordinal0 [0x00007FF73ECC63A4+222116]
Ordinal0 [0x00007FF73ECC38CF+211151]
Ordinal0 [0x00007FF73ECA6305+90885]
Ordinal0 [0x00007FF73ECA73BE+95166]
Ordinal0 [0x00007FF73EDDEB11+1370897]
GetHandleVerifier [0x00007FF73EF0EC65+581285]
GetHandleVerifier [0x00007FF73EF0E9D1+580625]
GetHandleVerifier [0x00007FF73EF1679C+612828]
GetHandleVerifier [0x00007FF73EF0F476+583350]
Ordinal0 [0x00007FF73EDD405E+1327198]
Ordinal0 [0x00007FF73EDE0EE6+1380070]
Ordinal0 [0x00007FF73EDDFD8D+1375629]
BaseThreadInitThunk [0x00007FFE82E37944+20]
RtlUserThreadStart [0x00007FFE8422CE71+33]

at java.base/jdk.internal.reflect.NativeConstructorAccessorImpl.newInstance0(Native Method)
at java.base/jdk.internal.reflect.NativeConstructorAccessorImpl.newInstance(NativeConstructorAccessorImpl.java:62)
at java.base/jdk.internal.reflect.DelegatingConstructorAccessorImpl.newInstance(DelegatingConstructorAccessorImpl.java:45)
at java.base/java.lang.reflect.Constructor.newInstanceWithCaller(Constructor.java:500)
at java.base/java.lang.reflect.Constructor.newInstance(Constructor.java:481)
at org.openqa.selenium.remote.W3CHandshakeResponse.lambda$errorHandler$0(W3CHandshakeResponse.java:62)
at org.openqa.selenium.remote.HandshakeResponse.lambda$getResponseFunction$0(HandshakeResponse.java:30)
at org.openqa.selenium.remote.ProtocolHandshake.lambda$createSession$0(ProtocolHandshake.java:126)
at java.base/java.util.stream.ReferencePipeline$3$1.accept(ReferencePipeline.java:195)
at java.base/java.util.Spliterators$ArraySpliterator.tryAdvance(Spliterators.java:958)
at java.base/java.util.stream.ReferencePipeline.forEachWithCancel(ReferencePipeline.java:127)
at java.base/java.util.stream.AbstractPipeline.copyIntoWithCancel(AbstractPipeline.java:502)
at java.base/java.util.stream.AbstractPipeline.copyInto(AbstractPipeline.java:488)
at java.base/java.util.stream.AbstractPipeline.wrapAndCopyInto(AbstractPipeline.java:474)
at java.base/java.util.stream.FindOps$FindOp.evaluateSequential(FindOps.java:150)
at java.base/java.util.stream.AbstractPipeline.evaluate(AbstractPipeline.java:234)
at java.base/java.util.stream.ReferencePipeline.findFirst(ReferencePipeline.java:543)
at org.openqa.selenium.remote.ProtocolHandshake.createSession(ProtocolHandshake.java:128)
at org.openqa.selenium.remote.ProtocolHandshake.createSession(ProtocolHandshake.java:74)
at org.openqa.selenium.remote.HttpCommandExecutor.execute(HttpCommandExecutor.java:136)
at org.openqa.selenium.remote.service.DriverCommandExecutor.execute(DriverCommandExecutor.java:83)
at org.openqa.selenium.remote.RemoteWebDriver.execute(RemoteWebDriver.java:552)
at org.openqa.selenium.remote.RemoteWebDriver.startSession(RemoteWebDriver.java:213)
at org.openqa.selenium.remote.RemoteWebDriver.<init>(RemoteWebDriver.java:131)
at org.openqa.selenium.edge.EdgeDriver.<init>(EdgeDriver.java:141)
at org.openqa.selenium.edge.EdgeDriver.<init>(EdgeDriver.java:96)
at com.atmecs.testbase.ChooseWebDriver.chooseWebDriver(ChooseWebDriver.java:52)
at java.base/jdk.internal.reflect.NativeMethodAccessorImpl.invoke0(Native Method)
at java.base/jdk.internal.reflect.NativeMethodAccessorImpl.invoke(NativeMethodAccessorImpl.java:62)
at java.base/jdk.internal.reflect.DelegatingMethodAccessorImpl.invoke(DelegatingMethodAccessorImpl.java:43)
at java.base/java.lang.reflect.Method.invoke(Method.java:567)
at org.testng.internal.MethodInvocationHelper.invokeMethod(MethodInvocationHelper.java:124)
at org.testng.internal.MethodInvocationHelper.invokeMethodConsideringTimeout(MethodInvocationHelper.java:59)
at org.testng.internal.Invoker.invokeConfigurationMethod(Invoker.java:458)
at org.testng.internal.Invoker.invokeConfigurations(Invoker.java:222)
at org.testng.internal.Invoker.invokeMethod(Invoker.java:523)
at org.testng.internal.Invoker.invokeTestMethod(Invoker.java:719)
at org.testng.internal.Invoker.invokeTestMethods(Invoker.java:989)
at org.testng.internal.TestMethodWorker.invokeTestMethods(TestMethodWorker.java:125)
at org.testng.internal.TestMethodWorker.run(TestMethodWorker.java:109)
at org.testng.TestRunner.privateRun(TestRunner.java:648)
at org.testng.TestRunner.run(TestRunner.java:505)
at org.testng.SuiteRunner.runTest(SuiteRunner.java:455)
at org.testng.SuiteRunner.runSequentially(SuiteRunner.java:450)
at org.testng.SuiteRunner.privateRun(SuiteRunner.java:415)
at org.testng.SuiteRunner.run(SuiteRunner.java:364)
at org.testng.SuiteRunnerWorker.runSuite(SuiteRunnerWorker.java:52)
at org.testng.SuiteRunnerWorker.run(SuiteRunnerWorker.java:84)
at org.testng.TestNG.runSuitesSequentially(TestNG.java:1208)
at org.testng.TestNG.runSuitesLocally(TestNG.java:1137)
at org.testng.TestNG.runSuites(TestNG.java:1049)
at org.testng.TestNG.run(TestNG.java:1017)
at org.testng.remote.AbstractRemoteTestNG.run(AbstractRemoteTestNG.java:115)
at org.testng.remote.RemoteTestNG.initAndRun(RemoteTestNG.java:251)
at org.testng.remote.RemoteTestNG.main(RemoteTestNG.java:77)
]]>
    </error>
  </testcase> <!-- chooseWebDriver -->
  <testcase classname="com.atmecs.testscripts.HomePageTesting" name="testHome" time="0.000">
    <skipped/>
  </testcase> <!-- testHome -->
  <testcase classname="com.atmecs.testscripts.HomePageTesting" name="testHome" time="0.000">
    <skipped/>
  </testcase> <!-- testHome -->
  <testcase classname="com.atmecs.testscripts.HomePageTesting" name="tearDown" time="0.000">
    <error type="java.lang.NullPointerException">
      <![CDATA[java.lang.NullPointerException
at com.atmecs.testscripts.HomePageTesting.tearDown(HomePageTesting.java:28)
at java.base/jdk.internal.reflect.NativeMethodAccessorImpl.invoke0(Native Method)
at java.base/jdk.internal.reflect.NativeMethodAccessorImpl.invoke(NativeMethodAccessorImpl.java:62)
at java.base/jdk.internal.reflect.DelegatingMethodAccessorImpl.invoke(DelegatingMethodAccessorImpl.java:43)
at java.base/java.lang.reflect.Method.invoke(Method.java:567)
at org.testng.internal.MethodInvocationHelper.invokeMethod(MethodInvocationHelper.java:124)
at org.testng.internal.MethodInvocationHelper.invokeMethodConsideringTimeout(MethodInvocationHelper.java:59)
at org.testng.internal.Invoker.invokeConfigurationMethod(Invoker.java:458)
at org.testng.internal.Invoker.invokeConfigurations(Invoker.java:222)
at org.testng.internal.Invoker.invokeConfigurations(Invoker.java:142)
at org.testng.SuiteRunner.privateRun(SuiteRunner.java:425)
at org.testng.SuiteRunner.run(SuiteRunner.java:364)
at org.testng.SuiteRunnerWorker.runSuite(SuiteRunnerWorker.java:52)
at org.testng.SuiteRunnerWorker.run(SuiteRunnerWorker.java:84)
at org.testng.TestNG.runSuitesSequentially(TestNG.java:1208)
at org.testng.TestNG.runSuitesLocally(TestNG.java:1137)
at org.testng.TestNG.runSuites(TestNG.java:1049)
at org.testng.TestNG.run(TestNG.java:1017)
at org.testng.remote.AbstractRemoteTestNG.run(AbstractRemoteTestNG.java:115)
at org.testng.remote.RemoteTestNG.initAndRun(RemoteTestNG.java:251)
at org.testng.remote.RemoteTestNG.main(RemoteTestNG.java:77)
]]>
    </error>
  </testcase> <!-- tearDown -->
  <testcase classname="com.atmecs.testscripts.HomePageTesting" name="testHome" time="0.000">
    <skipped/>
  </testcase> <!-- testHome -->
</testsuite> <!-- com.atmecs.testscripts.HomePageTesting -->
