<?xml version="1.0" encoding="UTF-8"?>
<!-- Generated by org.testng.reporters.JUnitXMLReporter -->
<testsuite ignored="0" hostname="ATMECSINLT-038" failures="0" tests="5" name="Test1" time="2.938" errors="0" timestamp="2019-08-28T16:51:08 IST">
  <testcase classname="com.atmecs.testbase.ChooseWebDriver" name="@BeforeMethod chooseWebDriver" time="1.764">
    <failure type="org.openqa.selenium.SessionNotCreatedException" message="Unable to find a matching set of capabilities
Build info: version: &amp;apos;3.141.59&amp;apos;, revision: &amp;apos;e82be7d358&amp;apos;, time: &amp;apos;2018-11-14T08:17:03&amp;apos;
System info: host: &amp;apos;ATMECSINLT-038&amp;apos;, ip: &amp;apos;55.55.53.77&amp;apos;, os.name: &amp;apos;Windows 10&amp;apos;, os.arch: &amp;apos;amd64&amp;apos;, os.version: &amp;apos;10.0&amp;apos;, java.version: &amp;apos;12.0.1&amp;apos;
Driver info: driver.version: ChooseWebDriver
remote stacktrace: ">
      <![CDATA[org.openqa.selenium.SessionNotCreatedException: Unable to find a matching set of capabilities
Build info: version: '3.141.59', revision: 'e82be7d358', time: '2018-11-14T08:17:03'
System info: host: 'ATMECSINLT-038', ip: '55.55.53.77', os.name: 'Windows 10', os.arch: 'amd64', os.version: '10.0', java.version: '12.0.1'
Driver info: driver.version: ChooseWebDriver
remote stacktrace: 
at org.openqa.selenium.remote.W3CHandshakeResponse.lambda$errorHandler$0(W3CHandshakeResponse.java:62)
at org.openqa.selenium.remote.HandshakeResponse.lambda$getResponseFunction$0(HandshakeResponse.java:30)
at org.openqa.selenium.remote.ProtocolHandshake.lambda$createSession$0(ProtocolHandshake.java:126)
at java.base/java.util.stream.ReferencePipeline$3$1.accept(ReferencePipeline.java:195)
at java.base/java.util.Spliterators$ArraySpliterator.tryAdvance(Spliterators.java:958)
at java.base/java.util.stream.ReferencePipeline.forEachWithCancel(ReferencePipeline.java:127)
at java.base/java.util.stream.AbstractPipeline.copyIntoWithCancel(AbstractPipeline.java:502)
at java.base/java.util.stream.AbstractPipeline.copyInto(AbstractPipeline.java:488)
at java.base/java.util.stream.AbstractPipeline.wrapAndCopyInto(AbstractPipeline.java:474)
at java.base/java.util.stream.FindOps$FindOp.evaluateSequential(FindOps.java:150)
at java.base/java.util.stream.AbstractPipeline.evaluate(AbstractPipeline.java:234)
at java.base/java.util.stream.ReferencePipeline.findFirst(ReferencePipeline.java:543)
at org.openqa.selenium.remote.ProtocolHandshake.createSession(ProtocolHandshake.java:128)
at org.openqa.selenium.remote.ProtocolHandshake.createSession(ProtocolHandshake.java:74)
at org.openqa.selenium.remote.HttpCommandExecutor.execute(HttpCommandExecutor.java:136)
at org.openqa.selenium.remote.service.DriverCommandExecutor.execute(DriverCommandExecutor.java:83)
at org.openqa.selenium.remote.RemoteWebDriver.execute(RemoteWebDriver.java:552)
at org.openqa.selenium.remote.RemoteWebDriver.startSession(RemoteWebDriver.java:213)
at org.openqa.selenium.remote.RemoteWebDriver.<init>(RemoteWebDriver.java:131)
at org.openqa.selenium.edge.EdgeDriver.<init>(EdgeDriver.java:141)
at org.openqa.selenium.edge.EdgeDriver.<init>(EdgeDriver.java:96)
at com.atmecs.testbase.ChooseWebDriver.chooseWebDriver(ChooseWebDriver.java:52)
at java.base/java.util.ArrayList.forEach(ArrayList.java:1540)
... Removed 41 stack frames]]>
    </failure>
  </testcase> <!-- @BeforeMethod chooseWebDriver -->
  <testcase classname="com.atmecs.testbase.ChooseWebDriver" name="@BeforeMethod chooseWebDriver" time="-1.566991268435E9">
    <skipped/>
  </testcase> <!-- @BeforeMethod chooseWebDriver -->
  <testcase classname="com.atmecs.testbase.ChooseWebDriver" name="@BeforeMethod chooseWebDriver" time="-1.566991268439E9">
    <skipped/>
  </testcase> <!-- @BeforeMethod chooseWebDriver -->
  <testcase classname="com.atmecs.testbase.ChooseWebDriver" name="@BeforeMethod chooseWebDriver" time="-1.566991268443E9">
    <skipped/>
  </testcase> <!-- @BeforeMethod chooseWebDriver -->
  <testcase classname="com.atmecs.testbase.ChooseWebDriver" name="@BeforeMethod chooseWebDriver" time="-1.566991268443E9">
    <skipped/>
  </testcase> <!-- @BeforeMethod chooseWebDriver -->
  <testcase classname="com.atmecs.testscripts.HomePageTesting" name="testHome" time="0.0">
    <skipped/>
  </testcase> <!-- testHome -->
  <testcase classname="com.atmecs.testscripts.HomePageTesting" name="testHome" time="0.0">
    <skipped/>
  </testcase> <!-- testHome -->
  <testcase classname="com.atmecs.testscripts.HomePageTesting" name="testHome" time="0.0">
    <skipped/>
  </testcase> <!-- testHome -->
  <testcase classname="com.atmecs.testscripts.HomePageTesting" name="testHome" time="0.0">
    <skipped/>
  </testcase> <!-- testHome -->
  <testcase classname="com.atmecs.testscripts.HomePageTesting" name="testHome" time="0.0">
    <skipped/>
  </testcase> <!-- testHome -->
</testsuite> <!-- Test1 -->
